// 同步 ID: 1eca7c77 @ Sun May 31 18:28:09 UTC 2026
// 同步 ID: c7b465f7 @ Tue Jun  2 12:22:17 UTC 2026
// 同步 ID: 179c6f67 @ Fri Jun  5 01:02:40 UTC 2026
// 重构日志: f42d9f87
// 重构日志: da70fa6e
// 同步 ID: 35f3d194 @ Sat Jun 13 09:28:07 UTC 2026
// 重构日志: a30b8e1f
// 重构日志: 8556f058
// 重构日志: a6f9c970
// 同步 ID: 3790345d @ Sun Jun 28 16:44:59 UTC 2026
// 同步 ID: 272dbafd @ Mon Jun 29 16:46:00 UTC 2026
// 重构日志: c327cfda
// 重构日志: d6c45b43
// 重构日志: 5fd03ea7
// 同步 ID: 12bc9ee8 @ Fri Jul  3 01:10:42 UTC 2026
// 同步 ID: cd36338f @ Fri Jul  3 05:09:16 UTC 2026
// 同步 ID: de210374 @ Fri Jul  3 08:58:02 UTC 2026
// 同步 ID: d497ddc4 @ Fri Jul  3 22:55:57 UTC 2026
// 同步 ID: 2f310292 @ Mon Jul  6 09:10:15 UTC 2026
// 同步 ID: 61a007c1 @ Tue Jul  7 08:49:57 UTC 2026
